\BOOKMARK [0][-]{chapter*.1}{\376\377\000I\000n\000t\000r\000o\000d\000u\000c\000t\000i\000o\000n\000\040\000g\000\351\000n\000\351\000r\000a\000l\000e}{}% 1
\BOOKMARK [0][-]{chapter*.2}{\376\377\000C\000a\000d\000r\000e\000\040\000g\000\351\000n\000\351\000r\000a\000l\000\040\000d\000u\000\040\000p\000r\000o\000j\000e\000t}{}% 2
\BOOKMARK [1][-]{section.0.1}{\376\377\000P\000r\000\351\000s\000e\000n\000t\000a\000t\000i\000o\000n\000\040\000d\000e\000\040\000l\000a\000\040\000s\000o\000c\000i\000\351\000t\000\351\000\040\000d\000'\000a\000c\000c\000u\000e\000i\000l}{chapter*.2}% 3
\BOOKMARK [2][-]{subsection.0.1.1}{\376\377\000H\000i\000s\000t\000o\000r\000i\000q\000u\000e}{section.0.1}% 4
\BOOKMARK [2][-]{subsection.0.1.2}{\376\377\000P\000r\000o\000d\000u\000i\000t\000s\000\040\000p\000r\000\351\000s\000e\000n\000t\000\351\000s\000\040\000p\000a\000r\000\040\000N\000e\000o\000L\000e\000d\000g\000e\000\040}{section.0.1}% 5
\BOOKMARK [2][-]{subsection.0.1.3}{\376\377\000C\000o\000n\000t\000e\000x\000t\000e\000\040\000d\000u\000\040\000p\000r\000o\000j\000e\000t}{section.0.1}% 6
\BOOKMARK [2][-]{subsection.0.1.4}{\376\377\000M\000o\000t\000i\000v\000a\000t\000i\000o\000n}{section.0.1}% 7
\BOOKMARK [1][-]{section.0.2}{\376\377\000\311\000t\000u\000d\000e\000\040\000d\000e\000\040\000l\000'\000e\000x\000i\000s\000t\000a\000n\000t}{chapter*.2}% 8
\BOOKMARK [2][-]{subsection.0.2.1}{\376\377\000D\000e\000s\000c\000r\000i\000p\000t\000i\000o\000n\000\040\000d\000e\000\040\000l\000'\000e\000x\000i\000s\000t\000a\000n\000t}{section.0.2}% 9
\BOOKMARK [2][-]{subsection.0.2.2}{\376\377\000C\000r\000i\000t\000i\000q\000u\000e\000\040\000d\000e\000\040\000l\000'\000e\000x\000i\000s\000t\000a\000n\000t}{section.0.2}% 10
\BOOKMARK [2][-]{subsection.0.2.3}{\376\377\000S\000o\000l\000u\000t\000i\000o\000n\000\040\000p\000r\000o\000p\000o\000s\000\351\000e}{section.0.2}% 11
\BOOKMARK [1][-]{section.0.3}{\376\377\000\311\000t\000u\000d\000e\000\040\000t\000e\000c\000h\000n\000i\000q\000u\000e}{chapter*.2}% 12
\BOOKMARK [2][-]{subsection.0.3.1}{\376\377\000A\000r\000c\000h\000i\000t\000e\000c\000t\000u\000r\000e\000\040\000s\000y\000s\000t\000\350\000m\000e}{section.0.3}% 13
\BOOKMARK [3][-]{subsubsection.0.3.1.1}{\376\377\000L\000a\000\040\000c\000o\000u\000c\000h\000e\000\040\000c\000l\000i\000e\000n\000t\000\040\000\050\000o\000u\000\040\000l\000a\000\040\000c\000o\000u\000c\000h\000e\000\040\000p\000r\000\351\000s\000e\000n\000t\000a\000t\000i\000o\000n\000\051}{subsection.0.3.1}% 14
\BOOKMARK [3][-]{subsubsection.0.3.1.2}{\376\377\000L\000a\000\040\000c\000o\000u\000c\000h\000e\000\040\000a\000p\000p\000l\000i\000c\000a\000t\000i\000v\000e}{subsection.0.3.1}% 15
\BOOKMARK [3][-]{subsubsection.0.3.1.3}{\376\377\360\330\000\040\000L\000a\000\040\000c\000o\000u\000c\000h\000e\000\040\000d\000'\000a\000c\000c\000\350\000s\000\040\000a\000u\000x\000\040\000d\000o\000n\000n\000\351\000e\000s}{subsection.0.3.1}% 16
\BOOKMARK [1][-]{section.0.4}{\376\377\000M\000\351\000t\000h\000o\000d\000o\000l\000o\000g\000i\000e\000\040\000d\000e\000\040\000g\000e\000s\000t\000i\000o\000n\000\040\000d\000e\000\040\000p\000r\000o\000j\000e\000t}{chapter*.2}% 17
\BOOKMARK [2][-]{subsection.0.4.1}{\376\377\000C\000h\000o\000i\000x\000\040\000m\000\351\000t\000h\000o\000d\000o\000l\000o\000g\000i\000q\000u\000e}{section.0.4}% 18
\BOOKMARK [2][-]{subsection.0.4.2}{\376\377\000P\000o\000u\000r\000q\000u\000o\000i\000\040\000S\000c\000r\000u\000m}{section.0.4}% 19
\BOOKMARK [1][-]{section.0.5}{\376\377\000E\000n\000v\000i\000r\000o\000n\000n\000e\000m\000e\000n\000t\000\040\000d\000e\000\040\000d\000\351\000v\000e\000l\000o\000p\000p\000e\000m\000e\000n\000t}{chapter*.2}% 20
\BOOKMARK [2][-]{subsection.0.5.1}{\376\377\000E\000n\000v\000i\000r\000o\000n\000n\000e\000m\000e\000n\000t\000\040\000m\000a\000t\000\351\000r\000i\000e\000l}{section.0.5}% 21
\BOOKMARK [2][-]{subsection.0.5.2}{\376\377\000E\000n\000v\000i\000r\000o\000n\000n\000e\000m\000e\000n\000t\000\040\000l\000o\000g\000i\000c\000i\000e\000l}{section.0.5}% 22
\BOOKMARK [2][-]{subsection.0.5.3}{\376\377\000T\000e\000c\000h\000n\000o\000l\000o\000g\000i\000e\000s\000\040\000u\000t\000i\000l\000i\000s\000\351\000e\000s}{section.0.5}% 23
\BOOKMARK [0][-]{chapter*.35}{\376\377\000P\000l\000a\000n\000i\000f\000i\000c\000a\000t\000i\000o\000n\000\040\000d\000u\000\040\000B\000a\000c\000k\000l\000o\000g\000\040\000P\000r\000o\000d\000u\000c\000t}{}% 24
\BOOKMARK [1][-]{section.0.1}{\376\377\000I\000d\000e\000n\000t\000i\000f\000i\000c\000a\000t\000i\000o\000n\000s\000\040\000d\000e\000s\000\040\000a\000c\000t\000e\000u\000r\000s}{chapter*.35}% 25
\BOOKMARK [1][-]{section.0.2}{\376\377\000B\000e\000s\000o\000i\000n\000s\000\040\000f\000o\000n\000c\000t\000i\000o\000n\000n\000e\000l\000s\000\040\000d\000e\000s\000\040\000c\000o\000l\000l\000a\000b\000o\000r\000a\000t\000e\000u\000r\000s}{chapter*.35}% 26
\BOOKMARK [1][-]{section.0.3}{\376\377\000L\000e\000s\000\040\000U\000s\000e\000r\000\040\000S\000t\000o\000r\000i\000e\000s}{chapter*.35}% 27
\BOOKMARK [1][-]{section.0.4}{\376\377\000S\000p\000\351\000c\000i\000f\000i\000c\000a\000t\000i\000o\000n\000s\000\040\000d\000e\000s\000\040\000b\000e\000s\000o\000i\000n\000s\000\040\000n\000o\000n\000\040\000f\000o\000n\000c\000t\000i\000o\000n\000n\000e\000l\000s}{chapter*.35}% 28
\BOOKMARK [0][-]{chapter*.39}{\376\377\000R\000e\000l\000e\000a\000s\000e\000\040\0001}{}% 29
\BOOKMARK [1][-]{section.0.1}{\376\377\000S\000p\000r\000i\000n\000t\000\040\0001\000\040\000\050\000P\000r\000\351\000p\000a\000r\000a\000t\000i\000o\000n\000\040\000d\000e\000\040\000l\000'\000e\000n\000v\000i\000r\000o\000n\000n\000e\000m\000e\000n\000t\000\040\000d\000u\000\040\000t\000r\000a\000v\000a\000i\000l\000\040\000e\000t\000\040\000\351\000t\000u\000d\000e\000\040\000d\000e\000\040\000l\000a\000\040\000s\000o\000l\000u\000t\000i\000o\000n\000\051}{chapter*.39}% 30
\BOOKMARK [2][-]{subsection.0.1.1}{\376\377\000S\000p\000r\000i\000n\000t\000\040\000G\000o\000a\000l}{section.0.1}% 31
\BOOKMARK [2][-]{subsection.0.1.2}{\376\377\000S\000p\000r\000i\000n\000t\000\040\000B\000a\000c\000k\000l\000o\000g}{section.0.1}% 32
\BOOKMARK [2][-]{subsection.0.1.3}{\376\377\000I\000m\000p\000l\000\351\000m\000e\000n\000t\000a\000t\000i\000o\000n\000\040\000d\000u\000\040\000S\000p\000r\000i\000n\000t\000\040\0001}{section.0.1}% 33
\BOOKMARK [3][-]{subsubsection.0.1.3.1}{\376\377\000A\000n\000a\000l\000y\000s\000e\000\040\000d\000e\000s\000\040\000b\000e\000s\000o\000i\000n\000s}{subsection.0.1.3}% 34
\BOOKMARK [3][-]{subsubsection.0.1.3.2}{\376\377\000A\000n\000a\000l\000y\000s\000e\000\040\000d\000\351\000t\000a\000i\000l\000l\000\351\000e}{subsection.0.1.3}% 35
\BOOKMARK [3][-]{subsubsection.0.1.3.3}{\376\377\000C\000o\000n\000c\000e\000p\000t\000i\000o\000n}{subsection.0.1.3}% 36
\BOOKMARK [3][-]{subsubsection.0.1.3.4}{\376\377\000R\000\351\000a\000l\000i\000s\000a\000t\000i\000o\000n}{subsection.0.1.3}% 37
\BOOKMARK [2][-]{subsection.0.1.4}{\376\377\000S\000p\000r\000i\000n\000t\000\040\000R\000e\000v\000i\000e\000w}{section.0.1}% 38
\BOOKMARK [2][-]{subsection.0.1.5}{\376\377\000S\000p\000r\000i\000n\000t\000\040\000R\000e\000t\000r\000o\000s\000p\000e\000c\000t\000i\000v\000e}{section.0.1}% 39
\BOOKMARK [1][-]{section.0.2}{\376\377\000S\000p\000r\000i\000n\000t\000\040\0002\000\040\000\050\000G\000e\000s\000t\000i\000o\000n\000\040\000d\000e\000s\000\040\000s\000i\000g\000n\000a\000t\000u\000r\000e\000s\000\051}{chapter*.39}% 40
\BOOKMARK [2][-]{subsection.0.2.1}{\376\377\000S\000p\000r\000i\000n\000t\000\040\000G\000o\000a\000l}{section.0.2}% 41
\BOOKMARK [2][-]{subsection.0.2.2}{\376\377\000S\000p\000r\000i\000n\000t\000\040\000B\000a\000c\000k\000l\000o\000g}{section.0.2}% 42
\BOOKMARK [2][-]{subsection.0.2.3}{\376\377\000I\000m\000p\000l\000\351\000m\000e\000n\000t\000a\000t\000i\000o\000n\000\040\000d\000u\000\040\000S\000p\000r\000i\000n\000t\000\040\0002}{section.0.2}% 43
\BOOKMARK [3][-]{subsubsection.0.2.3.1}{\376\377\000A\000n\000a\000l\000y\000s\000e\000\040\000d\000e\000s\000\040\000b\000e\000s\000o\000i\000n\000s}{subsection.0.2.3}% 44
\BOOKMARK [3][-]{subsubsection.0.2.3.2}{\376\377\000A\000n\000a\000l\000y\000s\000e\000\040\000d\000\351\000t\000a\000i\000l\000l\000\351\000e}{subsection.0.2.3}% 45
\BOOKMARK [3][-]{subsubsection.0.2.3.3}{\376\377\000C\000o\000n\000c\000e\000p\000t\000i\000o\000n}{subsection.0.2.3}% 46
\BOOKMARK [3][-]{subsubsection.0.2.3.4}{\376\377\000R\000\351\000a\000l\000i\000s\000a\000t\000i\000o\000n}{subsection.0.2.3}% 47
\BOOKMARK [2][-]{subsection.0.2.4}{\376\377\000D\000\351\000v\000e\000l\000o\000p\000p\000e\000m\000e\000n\000t\000\040\000d\000e\000\040\000l\000e\000c\000t\000e\000u\000r\000\040\000d\000e\000\040\000f\000i\000c\000h\000i\000e\000r}{section.0.2}% 48
\BOOKMARK [3][-]{subsubsection.0.2.4.1}{\376\377\000B\000e\000s\000o\000i\000n\000s\000\040\000e\000t\000\040\000s\000p\000\351\000c\000i\000f\000i\000c\000a\000t\000i\000o\000n\000s}{subsection.0.2.4}% 49
\BOOKMARK [3][-]{subsubsection.0.2.4.2}{\376\377\000C\000h\000o\000i\000x\000\040\000t\000e\000c\000h\000n\000i\000q\000u\000e\000s}{subsection.0.2.4}% 50
\BOOKMARK [3][-]{subsubsection.0.2.4.3}{\376\377\000R\000\351\000a\000l\000i\000s\000a\000t\000i\000o\000n}{subsection.0.2.4}% 51
\BOOKMARK [2][-]{subsection.0.2.5}{\376\377\000P\000e\000r\000f\000o\000r\000m\000a\000n\000c\000e\000s}{section.0.2}% 52
\BOOKMARK [2][-]{subsection.0.2.6}{\376\377\000S\000p\000r\000i\000n\000t\000\040\000R\000e\000v\000i\000e\000w}{section.0.2}% 53
\BOOKMARK [2][-]{subsection.0.2.7}{\376\377\000S\000p\000r\000i\000n\000t\000\040\000R\000e\000t\000r\000o\000s\000p\000e\000c\000t\000i\000v\000e}{section.0.2}% 54
\BOOKMARK [1][-]{section.0.3}{\376\377\000S\000p\000r\000i\000n\000t\000\040\0003\000\040\000\253\000\040\000G\000e\000s\000t\000i\000o\000n\000\040\000d\000e\000s\000\040\000d\000o\000c\000u\000m\000e\000n\000t\000s\000\040\000\273}{chapter*.39}% 55
\BOOKMARK [2][-]{subsection.0.3.1}{\376\377\000S\000p\000r\000i\000n\000t\000\040\000G\000o\000a\000l}{section.0.3}% 56
\BOOKMARK [2][-]{subsection.0.3.2}{\376\377\000S\000p\000r\000i\000n\000t\000\040\000B\000a\000c\000k\000l\000o\000g\000\040\000\253\000\040\000G\000e\000s\000t\000i\000o\000n\000\040\000d\000e\000s\000\040\000d\000o\000c\000u\000m\000e\000n\000t\000s\000\040\000\273}{section.0.3}% 57
\BOOKMARK [2][-]{subsection.0.3.3}{\376\377\000I\000m\000p\000l\000\351\000m\000e\000n\000t\000a\000t\000i\000o\000n\000\040\000d\000u\000\040\000S\000p\000r\000i\000n\000t\000\040\0003}{section.0.3}% 58
\BOOKMARK [3][-]{subsubsection.0.3.3.1}{\376\377\000A\000n\000a\000l\000y\000s\000e\000\040\000d\000e\000s\000\040\000b\000e\000s\000o\000i\000n\000s}{subsection.0.3.3}% 59
\BOOKMARK [3][-]{subsubsection.0.3.3.2}{\376\377\000A\000n\000a\000l\000y\000s\000e\000\040\000d\000\351\000t\000a\000i\000l\000l\000\351\000e}{subsection.0.3.3}% 60
\BOOKMARK [3][-]{subsubsection.0.3.3.3}{\376\377\000C\000o\000n\000c\000e\000p\000t\000i\000o\000n}{subsection.0.3.3}% 61
\BOOKMARK [3][-]{subsubsection.0.3.3.4}{\376\377\000R\000\351\000a\000l\000i\000s\000a\000t\000i\000o\000n\000\040\000e\000t\000\040\000T\000e\000s\000t\000s}{subsection.0.3.3}% 62
\BOOKMARK [2][-]{subsection.0.3.4}{\376\377\000S\000p\000r\000i\000n\000t\000\040\000R\000e\000v\000i\000e\000w}{section.0.3}% 63
\BOOKMARK [2][-]{subsection.0.3.5}{\376\377\000S\000p\000r\000i\000n\000t\000\040\000R\000e\000t\000r\000o\000s\000p\000e\000c\000t\000i\000v\000e}{section.0.3}% 64
\BOOKMARK [1][-]{section.0.4}{\376\377\000S\000p\000r\000i\000n\000t\000\040\0004\000\040\000\050\000V\000i\000s\000u\000a\000l\000i\000s\000a\000t\000i\000o\000n\000\040\000e\000t\000\040\000s\000i\000g\000n\000a\000t\000u\000r\000e\000\040\000d\000'\000u\000n\000\040\000f\000i\000c\000h\000i\000e\000r\000\051}{chapter*.39}% 65
\BOOKMARK [2][-]{subsection.0.4.1}{\376\377\000S\000p\000r\000i\000n\000t\000\040\000G\000o\000a\000l}{section.0.4}% 66
\BOOKMARK [2][-]{subsection.0.4.2}{\376\377\000S\000p\000r\000i\000n\000t\000\040\000B\000a\000c\000k\000l\000o\000g\000\040\000\253\000\040\000V\000i\000s\000u\000a\000l\000i\000s\000a\000t\000i\000o\000n\000\040\000e\000t\000\040\000s\000i\000g\000n\000a\000t\000u\000r\000e\000\040\000d\000'\000u\000n\000\040\000f\000i\000c\000h\000i\000e\000r\000\040\000\273}{section.0.4}% 67
\BOOKMARK [2][-]{subsection.0.4.3}{\376\377\000I\000m\000p\000l\000\351\000m\000e\000n\000t\000a\000t\000i\000o\000n\000\040\000d\000u\000\040\000S\000p\000r\000i\000n\000t\000\040\0004}{section.0.4}% 68
\BOOKMARK [3][-]{subsubsection.0.4.3.1}{\376\377\000A\000n\000a\000l\000y\000s\000e\000\040\000d\000e\000s\000\040\000b\000e\000s\000o\000i\000n\000s}{subsection.0.4.3}% 69
\BOOKMARK [3][-]{subsubsection.0.4.3.2}{\376\377\000A\000n\000a\000l\000y\000s\000e\000\040\000d\000\351\000t\000a\000i\000l\000l\000\351\000e}{subsection.0.4.3}% 70
\BOOKMARK [3][-]{subsubsection.0.4.3.3}{\376\377\000C\000o\000n\000c\000e\000p\000t\000i\000o\000n}{subsection.0.4.3}% 71
\BOOKMARK [3][-]{subsubsection.0.4.3.4}{\376\377\000R\000\351\000a\000l\000i\000s\000a\000t\000i\000o\000n}{subsection.0.4.3}% 72
\BOOKMARK [2][-]{subsection.0.4.4}{\376\377\000S\000p\000r\000i\000n\000t\000\040\000R\000e\000v\000i\000e\000w}{section.0.4}% 73
\BOOKMARK [2][-]{subsection.0.4.5}{\376\377\000S\000p\000r\000i\000n\000t\000\040\000R\000e\000t\000r\000o\000s\000p\000e\000c\000t\000i\000v\000e}{section.0.4}% 74
\BOOKMARK [0][-]{chapter*.121}{\376\377\000R\000e\000l\000e\000a\000s\000e\000\040\0002}{}% 75
\BOOKMARK [1][-]{section.0.1}{\376\377\000S\000p\000r\000i\000n\000t\000\040\0005\000\040\000\050\000G\000e\000s\000t\000i\000o\000n\000\040\000d\000'\000a\000u\000t\000h\000e\000n\000t\000i\000f\000i\000c\000a\000t\000i\000o\000n\000\040\000O\000I\000D\000C\000\040\000e\000t\000\040\000v\000e\000r\000i\000f\000i\000c\000a\000t\000i\000o\000n\000\040\000b\000i\000o\000m\000e\000t\000r\000i\000q\000u\000e\000\051}{chapter*.121}% 76
\BOOKMARK [2][-]{subsection.0.1.1}{\376\377\000S\000p\000r\000i\000n\000t\000\040\000G\000o\000a\000l}{section.0.1}% 77
\BOOKMARK [2][-]{subsection.0.1.2}{\376\377\000S\000p\000r\000i\000n\000t\000\040\000B\000a\000c\000k\000l\000o\000g}{section.0.1}% 78
\BOOKMARK [2][-]{subsection.0.1.3}{\376\377\000I\000m\000p\000l\000\351\000m\000e\000n\000t\000a\000t\000i\000o\000n\000\040\000d\000u\000\040\000S\000p\000r\000i\000n\000t\000\040\0005}{section.0.1}% 79
\BOOKMARK [3][-]{subsubsection.0.1.3.1}{\376\377\000A\000n\000a\000l\000y\000s\000e\000\040\000d\000e\000s\000\040\000b\000e\000s\000o\000i\000n\000s}{subsection.0.1.3}% 80
\BOOKMARK [3][-]{subsubsection.0.1.3.2}{\376\377\000A\000n\000a\000l\000y\000s\000e\000\040\000d\000\351\000t\000a\000i\000l\000l\000\351\000e}{subsection.0.1.3}% 81
\BOOKMARK [3][-]{subsubsection.0.1.3.3}{\376\377\000C\000o\000n\000c\000e\000p\000t\000i\000o\000n}{subsection.0.1.3}% 82
\BOOKMARK [3][-]{subsubsection.0.1.3.4}{\376\377\000R\000\351\000a\000l\000i\000s\000a\000t\000i\000o\000n}{subsection.0.1.3}% 83
\BOOKMARK [2][-]{subsection.0.1.4}{\376\377\000S\000p\000r\000i\000n\000t\000\040\000R\000e\000v\000i\000e\000w}{section.0.1}% 84
\BOOKMARK [2][-]{subsection.0.1.5}{\376\377\000S\000p\000r\000i\000n\000t\000\040\000R\000e\000t\000r\000o\000s\000p\000e\000c\000t\000i\000v\000e}{section.0.1}% 85
\BOOKMARK [1][-]{section.0.2}{\376\377\000S\000p\000r\000i\000n\000t\000\040\0006\000\040\000\050\000P\000a\000r\000a\000m\000\351\000t\000r\000a\000g\000e\000\040\000d\000e\000s\000\040\000a\000p\000p\000l\000i\000c\000a\000t\000i\000o\000n\000s\000\040\000e\000t\000\040\000g\000e\000s\000t\000i\000o\000n\000\040\000d\000e\000\040\000p\000r\000o\000f\000i\000l\000\040\000e\000t\000\040\000a\000b\000s\000e\000n\000c\000e\000\051}{chapter*.121}% 86
\BOOKMARK [2][-]{subsection.0.2.1}{\376\377\000S\000p\000r\000i\000n\000t\000\040\000G\000o\000a\000l}{section.0.2}% 87
\BOOKMARK [2][-]{subsection.0.2.2}{\376\377\000S\000p\000r\000i\000n\000t\000\040\000B\000a\000c\000k\000l\000o\000g}{section.0.2}% 88
\BOOKMARK [2][-]{subsection.0.2.3}{\376\377\000I\000m\000p\000l\000\351\000m\000e\000n\000t\000a\000t\000i\000o\000n\000\040\000d\000u\000\040\000S\000p\000r\000i\000n\000t\000\040\0006}{section.0.2}% 89
\BOOKMARK [3][-]{subsubsection.0.2.3.1}{\376\377\000A\000n\000a\000l\000y\000s\000e\000\040\000d\000e\000s\000\040\000b\000e\000s\000o\000i\000n\000s}{subsection.0.2.3}% 90
\BOOKMARK [3][-]{subsubsection.0.2.3.2}{\376\377\000A\000n\000a\000l\000y\000s\000e\000\040\000d\000\351\000t\000a\000i\000l\000l\000\351\000e}{subsection.0.2.3}% 91
\BOOKMARK [3][-]{subsubsection.0.2.3.3}{\376\377\000C\000o\000n\000c\000e\000p\000t\000i\000o\000n}{subsection.0.2.3}% 92
\BOOKMARK [3][-]{subsubsection.0.2.3.4}{\376\377\000R\000\351\000a\000l\000i\000s\000a\000t\000i\000o\000n}{subsection.0.2.3}% 93
\BOOKMARK [2][-]{subsection.0.2.4}{\376\377\000S\000p\000r\000i\000n\000t\000\040\000R\000e\000v\000i\000e\000w}{section.0.2}% 94
\BOOKMARK [2][-]{subsection.0.2.5}{\376\377\000S\000p\000r\000i\000n\000t\000\040\000R\000e\000t\000r\000o\000s\000p\000e\000c\000t\000i\000v\000e}{section.0.2}% 95
\BOOKMARK [1][-]{section.0.3}{\376\377\000S\000p\000r\000i\000n\000t\000\040\0007\000\040\000\050\000C\000o\000n\000s\000u\000l\000t\000a\000t\000i\000o\000n\000\040\000d\000e\000s\000\040\000s\000t\000a\000t\000i\000s\000t\000i\000q\000u\000e\000\051}{chapter*.121}% 96
\BOOKMARK [2][-]{subsection.0.3.1}{\376\377\000S\000p\000r\000i\000n\000t\000\040\000G\000o\000a\000l}{section.0.3}% 97
\BOOKMARK [2][-]{subsection.0.3.2}{\376\377\000S\000p\000r\000i\000n\000t\000\040\000B\000a\000c\000k\000l\000o\000g}{section.0.3}% 98
\BOOKMARK [2][-]{subsection.0.3.3}{\376\377\000I\000m\000p\000l\000\351\000m\000e\000n\000t\000a\000t\000i\000o\000n\000\040\000d\000u\000\040\000S\000p\000r\000i\000n\000t\000\040\0007}{section.0.3}% 99
\BOOKMARK [3][-]{subsubsection.0.3.3.1}{\376\377\000A\000n\000a\000l\000y\000s\000e\000\040\000d\000e\000s\000\040\000b\000e\000s\000o\000i\000n\000s}{subsection.0.3.3}% 100
\BOOKMARK [3][-]{subsubsection.0.3.3.2}{\376\377\000A\000n\000a\000l\000y\000s\000e\000\040\000d\000\351\000t\000a\000i\000l\000l\000\351\000e}{subsection.0.3.3}% 101
\BOOKMARK [3][-]{subsubsection.0.3.3.3}{\376\377\000C\000o\000n\000c\000e\000p\000t\000i\000o\000n}{subsection.0.3.3}% 102
\BOOKMARK [3][-]{subsubsection.0.3.3.4}{\376\377\000R\000\351\000a\000l\000i\000s\000a\000t\000i\000o\000n}{subsection.0.3.3}% 103
\BOOKMARK [2][-]{subsection.0.3.4}{\376\377\000S\000p\000r\000i\000n\000t\000\040\000R\000e\000v\000i\000e\000w}{section.0.3}% 104
\BOOKMARK [2][-]{subsection.0.3.5}{\376\377\000S\000p\000r\000i\000n\000t\000\040\000R\000e\000t\000r\000o\000s\000p\000e\000c\000t\000i\000v\000e}{section.0.3}% 105
\BOOKMARK [1][-]{section.0.4}{\376\377\000S\000p\000r\000i\000n\000t\000\040\0008\000\040\000\050\000N\000o\000t\000i\000f\000i\000c\000a\000t\000i\000o\000n\000\040\000p\000u\000s\000h\000\051}{chapter*.121}% 106
\BOOKMARK [2][-]{subsection.0.4.1}{\376\377\000S\000p\000r\000i\000n\000t\000\040\000G\000o\000a\000l}{section.0.4}% 107
\BOOKMARK [2][-]{subsection.0.4.2}{\376\377\000S\000p\000r\000i\000n\000t\000\040\000B\000a\000c\000k\000l\000o\000g}{section.0.4}% 108
\BOOKMARK [2][-]{subsection.0.4.3}{\376\377\000I\000m\000p\000l\000\351\000m\000e\000n\000t\000a\000t\000i\000o\000n\000\040\000d\000u\000\040\000S\000p\000r\000i\000n\000t\000\040\0008}{section.0.4}% 109
\BOOKMARK [3][-]{subsubsection.0.4.3.1}{\376\377\000A\000n\000a\000l\000y\000s\000e\000\040\000d\000e\000s\000\040\000b\000e\000s\000o\000i\000n\000s}{subsection.0.4.3}% 110
\BOOKMARK [2][-]{subsection.0.4.4}{\376\377\000C\000h\000o\000i\000x\000\040\000t\000e\000c\000h\000n\000o\000l\000o\000g\000i\000q\000u\000e\000s}{section.0.4}% 111
\BOOKMARK [3][-]{subsubsection.0.4.4.1}{\376\377\000C\000h\000o\000i\000x\000\040\000d\000e\000\040\000s\000e\000r\000v\000i\000c\000e\000\040\000d\000e\000\040\000n\000o\000t\000i\000f\000i\000c\000a\000t\000i\000o\000n}{subsection.0.4.4}% 112
\BOOKMARK [3][-]{subsubsection.0.4.4.2}{\376\377\000A\000n\000a\000l\000y\000s\000e\000\040\000d\000\351\000t\000a\000i\000l\000l\000\351\000e}{subsection.0.4.4}% 113
\BOOKMARK [3][-]{subsubsection.0.4.4.3}{\376\377\000C\000o\000n\000c\000e\000p\000t\000i\000o\000n}{subsection.0.4.4}% 114
\BOOKMARK [3][-]{subsubsection.0.4.4.4}{\376\377\000R\000\351\000a\000l\000i\000s\000a\000t\000i\000o\000n}{subsection.0.4.4}% 115
\BOOKMARK [2][-]{subsection.0.4.5}{\376\377\000S\000p\000r\000i\000n\000t\000\040\000R\000e\000v\000i\000e\000w}{section.0.4}% 116
\BOOKMARK [2][-]{subsection.0.4.6}{\376\377\000S\000p\000r\000i\000n\000t\000\040\000R\000e\000t\000r\000o\000s\000p\000e\000c\000t\000i\000v\000e}{section.0.4}% 117
\BOOKMARK [0][-]{chapter*.190}{\376\377\000R\000\351\000s\000u\000m\000\351}{}% 118
\BOOKMARK [0][-]{chapter*.191}{\376\377\000A\000b\000s\000t\000r\000a\000c\000t}{}% 119
\BOOKMARK [0][-]{chapter*.192}{\376\377\000\040\006\105\006\104\006\056\006\065}{}% 120
\BOOKMARK [0][-]{section*.193}{\376\377\000A\000n\000n\000e\000x\000e\000s}{}% 121
\BOOKMARK [1][-]{section.Alph0.1}{\376\377\000A\000p\000p\000l\000i\000c\000a\000t\000i\000o\000n\000s\000\040\000d\000\351\000v\000e\000l\000o\000p\000p\000\351\000e\000s\000\040\000d\000u\000r\000a\000n\000t\000\040\000l\000a\000\040\000f\000o\000r\000m\000a\000t\000i\000o\000n}{section*.193}% 122
\BOOKMARK [2][-]{subsection.Alph0.0.1}{\376\377\000A\000p\000p\000l\000i\000c\000a\000t\000i\000o\000n\000\040\0001\000\040}{section.Alph0.1}% 123
\BOOKMARK [3][-]{subsubsection.Alph0.0.1.1}{\376\377\000D\000e\000s\000c\000r\000i\000p\000t\000i\000o\000n}{subsection.Alph0.0.1}% 124
\BOOKMARK [3][-]{subsubsection.Alph0.0.1.2}{\376\377\000B\000u\000t}{subsection.Alph0.0.1}% 125
\BOOKMARK [3][-]{subsubsection.Alph0.0.1.3}{\376\377\000F\000o\000n\000c\000t\000i\000o\000n\000n\000a\000l\000i\000t\000\351\000s}{subsection.Alph0.0.1}% 126
\BOOKMARK [3][-]{subsubsection.Alph0.0.1.4}{\376\377\000R\000\351\000a\000l\000i\000s\000a\000t\000i\000o\000n\000s}{subsection.Alph0.0.1}% 127
\BOOKMARK [3][-]{subsubsection.Alph0.0.1.5}{\376\377\000D\000i\000f\000f\000i\000c\000u\000l\000t\000\351\000s\000\040\000r\000e\000n\000c\000o\000n\000t\000r\000\351\000e\000s}{subsection.Alph0.0.1}% 128
\BOOKMARK [3][-]{subsubsection.Alph0.0.1.6}{\376\377\000S\000o\000l\000u\000t\000i\000o\000n\000s\000\040\000a\000p\000p\000o\000r\000t\000\351\000e\000s}{subsection.Alph0.0.1}% 129
\BOOKMARK [2][-]{subsection.Alph0.0.2}{\376\377\000A\000p\000p\000l\000i\000c\000a\000t\000i\000o\000n\000\040\0002\000\040}{section.Alph0.1}% 130
\BOOKMARK [3][-]{subsubsection.Alph0.0.2.1}{\376\377\000D\000e\000s\000c\000r\000i\000p\000t\000i\000o\000n}{subsection.Alph0.0.2}% 131
\BOOKMARK [3][-]{subsubsection.Alph0.0.2.2}{\376\377\000B\000u\000t}{subsection.Alph0.0.2}% 132
\BOOKMARK [3][-]{subsubsection.Alph0.0.2.3}{\376\377\000F\000o\000n\000c\000t\000i\000o\000n\000n\000a\000l\000i\000t\000\351\000s}{subsection.Alph0.0.2}% 133
\BOOKMARK [3][-]{subsubsection.Alph0.0.2.4}{\376\377\000C\000h\000o\000i\000x\000\040\000t\000e\000c\000h\000n\000o\000l\000o\000g\000i\000q\000u\000e\000s}{subsection.Alph0.0.2}% 134
\BOOKMARK [3][-]{subsubsection.Alph0.0.2.5}{\376\377\000R\000\351\000a\000l\000i\000s\000a\000t\000i\000o\000n\000s}{subsection.Alph0.0.2}% 135
\BOOKMARK [2][-]{subsection.Alph0.0.3}{\376\377\000A\000p\000p\000l\000i\000c\000a\000t\000i\000o\000n\000\040\0003\000\040}{section.Alph0.1}% 136
\BOOKMARK [3][-]{subsubsection.Alph0.0.3.1}{\376\377\000D\000e\000s\000c\000r\000i\000p\000t\000i\000o\000n}{subsection.Alph0.0.3}% 137
\BOOKMARK [3][-]{subsubsection.Alph0.0.3.2}{\376\377\000B\000u\000t}{subsection.Alph0.0.3}% 138
\BOOKMARK [3][-]{subsubsection.Alph0.0.3.3}{\376\377\000F\000o\000n\000c\000t\000i\000o\000n\000n\000a\000l\000i\000t\000\351\000s}{subsection.Alph0.0.3}% 139
\BOOKMARK [3][-]{subsubsection.Alph0.0.3.4}{\376\377\000C\000h\000o\000i\000x\000\040\000t\000e\000c\000h\000n\000o\000l\000o\000g\000i\000q\000u\000e\000s}{subsection.Alph0.0.3}% 140
\BOOKMARK [3][-]{subsubsection.Alph0.0.3.5}{\376\377\000R\000\351\000a\000l\000i\000s\000a\000t\000i\000o\000n\000s}{subsection.Alph0.0.3}% 141
\BOOKMARK [2][-]{subsection.Alph0.0.4}{\376\377\000A\000p\000p\000l\000i\000c\000a\000t\000i\000o\000n\000\040\0004\000\040}{section.Alph0.1}% 142
\BOOKMARK [3][-]{subsubsection.Alph0.0.4.1}{\376\377\000D\000e\000s\000c\000r\000i\000p\000t\000i\000o\000n}{subsection.Alph0.0.4}% 143
\BOOKMARK [3][-]{subsubsection.Alph0.0.4.2}{\376\377\000B\000u\000t}{subsection.Alph0.0.4}% 144
\BOOKMARK [3][-]{subsubsection.Alph0.0.4.3}{\376\377\000F\000o\000n\000c\000t\000i\000o\000n\000n\000a\000l\000i\000t\000\351\000s}{subsection.Alph0.0.4}% 145
\BOOKMARK [3][-]{subsubsection.Alph0.0.4.4}{\376\377\000R\000\351\000a\000l\000i\000s\000a\000t\000i\000o\000n\000s}{subsection.Alph0.0.4}% 146
\BOOKMARK [1][-]{section.Alph0.1}{\376\377\000C\000a\000p\000t\000u\000r\000e\000\040\000d\000'\000\351\000c\000r\000a\000n\000\040\000d\000e\000\040\000l\000'\000a\000p\000p\000l\000i\000c\000a\000t\000i\000o\000n\000\040\000v\000e\000r\000s\000i\000o\000n\000\040\000I\000O\000S}{section*.193}% 147
\BOOKMARK [2][-]{subsection.Alph0.1.1}{\376\377\000V\000i\000s\000u\000a\000l\000i\000s\000a\000t\000i\000o\000n\000\040\000e\000t\000\040\000s\000i\000g\000n\000a\000t\000u\000r\000e\000\040\000d\040\031\000u\000n\000\040\000f\000i\000c\000h\000i\000e\000r}{section.Alph0.1}% 148
\BOOKMARK [2][-]{subsection.Alph0.1.2}{\376\377\000M\000o\000d\000e\000\040\000s\000o\000m\000b\000r\000e}{section.Alph0.1}% 149
\BOOKMARK [2][-]{subsection.Alph0.1.3}{\376\377\000V\000e\000r\000i\000f\000i\000c\000a\000t\000i\000o\000n\000\040\000b\000i\000o\000m\000e\000t\000r\000i\000q\000u\000e}{section.Alph0.1}% 150
\BOOKMARK [1][-]{section.Alph0.2}{\376\377\000P\000r\000o\000d\000u\000c\000t\000\040\000b\000a\000c\000k\000l\000o\000g\000\040\000A\000z\000u\000r\000e\000\040\000D\000e\000v\000O\000p\000s}{section*.193}% 151
\BOOKMARK [1][-]{section.Alph0.3}{\376\377\000n\000e\000o\000-\000p\000d\000f\000-\000v\000i\000e\000w\000e\000r}{section*.193}% 152
\BOOKMARK [2][-]{subsection.Alph0.3.1}{\376\377\000F\000o\000n\000c\000t\000i\000o\000n\000n\000a\000l\000i\000t\000\351\000\040\000d\000e\000\040\000l\000'\000a\000f\000f\000i\000c\000h\000a\000g\000e\000\040\000d\000e\000s\000\040\000i\000m\000a\000g\000e\000s}{section.Alph0.3}% 153
\BOOKMARK [2][-]{subsection.Alph0.3.2}{\376\377\000F\000o\000n\000c\000t\000i\000o\000n\000n\000a\000l\000i\000t\000\351\000\040\000d\000e\000\040\000z\000o\000o\000m}{section.Alph0.3}% 154
\BOOKMARK [1][-]{section.Alph0.4}{\376\377\000D\000\351\000m\000a\000r\000r\000a\000g\000e\000\040\000d\000e\000\040\000p\000r\000o\000j\000e\000t\000\040\000a\000v\000e\000c\000\040\000F\000i\000r\000e\000b\000a\000s\000e}{section*.193}% 155
\BOOKMARK [1][-]{section.Alph0.5}{\376\377\000S\000e\000r\000v\000e\000u\000r\000\040\000b\000a\000c\000k\000e\000n\000d\000\040\000d\000e\000\040\000n\000o\000t\000i\000f\000i\000c\000a\000t\000i\000o\000n}{section*.193}% 156
\BOOKMARK [2][-]{subsection.Alph0.5.1}{\376\377\000L\000e\000s\000\040\000r\000o\000u\000t\000e\000s}{section.Alph0.5}% 157
\BOOKMARK [2][-]{subsection.Alph0.5.2}{\376\377\000S\000t\000r\000u\000c\000t\000u\000r\000e\000\040\000d\000u\000\040\000c\000o\000d\000e}{section.Alph0.5}% 158
\BOOKMARK [2][-]{subsection.Alph0.5.3}{\376\377\000F\000o\000n\000c\000t\000i\000o\000n\000\040\000d\000'\000e\000n\000v\000o\000i\000\040\000d\000e\000\040\000n\000o\000t\000i\000f\000i\000c\000a\000t\000i\000o\000n}{section.Alph0.5}% 159
